c:\projects\empty\empty\debug\vc120.pdb
c:\projects\empty\empty\debug\vc120.idb
c:\projects\empty\empty\debug\card.obj
c:\projects\empty\empty\debug\child.obj
c:\projects\empty\empty\debug\cjson.obj
c:\projects\empty\empty\debug\object.obj
c:\projects\empty\empty\debug\lamda.obj
c:\projects\empty\empty\debug\main.obj
c:\projects\personal\empty\empty\debug\vc120.pdb
c:\projects\personal\empty\empty\debug\vc120.idb
c:\projects\personal\empty\empty\debug\card.obj
c:\projects\personal\empty\empty\debug\child.obj
c:\projects\personal\empty\empty\debug\cjson.obj
c:\projects\personal\empty\empty\debug\object.obj
c:\projects\personal\empty\empty\debug\lamda.obj
c:\projects\empty\debug\empty.ilk
c:\projects\empty\debug\empty.exe
c:\projects\empty\debug\empty.pdb
c:\projects\empty\empty\debug\empty.ilk
c:\projects\empty\empty\debug\empty.exe
c:\projects\empty\empty\debug\empty.pdb
c:\projects\personal\empty\empty\debug\empty.ilk
c:\projects\personal\empty\empty\debug\empty.pdb
c:\projects\personal\empty\debug\empty.pdb
c:\projects\personal\empty\debug\empty.exe
c:\projects\personal\empty\debug\empty.ilk
c:\projects\personal\empty\empty\debug\empty.tlog\cl.command.1.tlog
c:\projects\personal\empty\empty\debug\empty.tlog\cl.read.1.tlog
c:\projects\personal\empty\empty\debug\empty.tlog\cl.write.1.tlog
c:\projects\personal\empty\empty\debug\empty.tlog\link.command.1.tlog
c:\projects\personal\empty\empty\debug\empty.tlog\link.read.1.tlog
c:\projects\personal\empty\empty\debug\empty.tlog\link.write.1.tlog
